Determining if the pthread_create exist failed with the following output:
Change Dir: /home/shashank/catkin_ws/src/build-vs_demo_swagat-Desktop-Default/CMakeFiles/CMakeTmp

Run Build Command:/usr/bin/make "cmTryCompileExec2670248954/fast"
/usr/bin/make -f CMakeFiles/cmTryCompileExec2670248954.dir/build.make CMakeFiles/cmTryCompileExec2670248954.dir/build
make[1]: Entering directory `/home/shashank/catkin_ws/src/build-vs_demo_swagat-Desktop-Default/CMakeFiles/CMakeTmp'
/usr/bin/cmake -E cmake_progress_report /home/shashank/catkin_ws/src/build-vs_demo_swagat-Desktop-Default/CMakeFiles/CMakeTmp/CMakeFiles 1
Building C object CMakeFiles/cmTryCompileExec2670248954.dir/CheckSymbolExists.c.o
/usr/bin/cc    -o CMakeFiles/cmTryCompileExec2670248954.dir/CheckSymbolExists.c.o   -c /home/shashank/catkin_ws/src/build-vs_demo_swagat-Desktop-Default/CMakeFiles/CMakeTmp/CheckSymbolExists.c
Linking C executable cmTryCompileExec2670248954
/usr/bin/cmake -E cmake_link_script CMakeFiles/cmTryCompileExec2670248954.dir/link.txt --verbose=1
/usr/bin/cc       CMakeFiles/cmTryCompileExec2670248954.dir/CheckSymbolExists.c.o  -o cmTryCompileExec2670248954 -rdynamic 
CMakeFiles/cmTryCompileExec2670248954.dir/CheckSymbolExists.c.o: In function `main':
CheckSymbolExists.c:(.text+0x16): undefined reference to `pthread_create'
collect2: error: ld returned 1 exit status
make[1]: Leaving directory `/home/shashank/catkin_ws/src/build-vs_demo_swagat-Desktop-Default/CMakeFiles/CMakeTmp'
make[1]: *** [cmTryCompileExec2670248954] Error 1
make: *** [cmTryCompileExec2670248954/fast] Error 2

File /home/shashank/catkin_ws/src/build-vs_demo_swagat-Desktop-Default/CMakeFiles/CMakeTmp/CheckSymbolExists.c:
/* */
#include <pthread.h>

int main(int argc, char** argv)
{
  (void)argv;
#ifndef pthread_create
  return ((int*)(&pthread_create))[argc];
#else
  (void)argc;
  return 0;
#endif
}

Determining if the function pthread_create exists in the pthreads failed with the following output:
Change Dir: /home/shashank/catkin_ws/src/build-vs_demo_swagat-Desktop-Default/CMakeFiles/CMakeTmp

Run Build Command:/usr/bin/make "cmTryCompileExec3127785398/fast"
/usr/bin/make -f CMakeFiles/cmTryCompileExec3127785398.dir/build.make CMakeFiles/cmTryCompileExec3127785398.dir/build
make[1]: Entering directory `/home/shashank/catkin_ws/src/build-vs_demo_swagat-Desktop-Default/CMakeFiles/CMakeTmp'
/usr/bin/cmake -E cmake_progress_report /home/shashank/catkin_ws/src/build-vs_demo_swagat-Desktop-Default/CMakeFiles/CMakeTmp/CMakeFiles 1
Building C object CMakeFiles/cmTryCompileExec3127785398.dir/CheckFunctionExists.c.o
/usr/bin/cc   -DCHECK_FUNCTION_EXISTS=pthread_create   -o CMakeFiles/cmTryCompileExec3127785398.dir/CheckFunctionExists.c.o   -c /usr/share/cmake-2.8/Modules/CheckFunctionExists.c
Linking C executable cmTryCompileExec3127785398
/usr/bin/cmake -E cmake_link_script CMakeFiles/cmTryCompileExec3127785398.dir/link.txt --verbose=1
/usr/bin/cc   -DCHECK_FUNCTION_EXISTS=pthread_create    CMakeFiles/cmTryCompileExec3127785398.dir/CheckFunctionExists.c.o  -o cmTryCompileExec3127785398 -rdynamic -lpthreads 
/usr/bin/ld: cannot find -lpthreads
collect2: error: ld returned 1 exit status
make[1]: Leaving directory `/home/shashank/catkin_ws/src/build-vs_demo_swagat-Desktop-Default/CMakeFiles/CMakeTmp'
make[1]: *** [cmTryCompileExec3127785398] Error 1
make: *** [cmTryCompileExec3127785398/fast] Error 2


